<?xml version="1.0" encoding="UTF-8"?><testsuite name="nosetests" tests="431" errors="0" failures="4" skip="15"><testcase classname="&lt;nose.suite.ContextSuite context=nltk" name="app&gt;:setup" time="0.000"><skipped type="unittest.case.SkipTest" message="nltk.app examples are not doctests&#10;-------------------- &gt;&gt; begin captured stdout &lt;&lt; ---------------------&#10;*** Introductory Examples for the NLTK Book ***&#10;Loading text1, ..., text9 and sent1, ..., sent9&#10;Type the name of the text or sentence to view it.&#10;Type: 'texts()' or 'sents()' to list the materials.&#10;text1: Moby Dick by Herman Melville 1851&#10;text2: Sense and Sensibility by Jane Austen 1811&#10;text3: The Book of Genesis&#10;text4: Inaugural Address Corpus&#10;text5: Chat Corpus&#10;text6: Monty Python and the Holy Grail&#10;text7: Wall Street Journal&#10;text8: Personals Corpus&#10;text9: The Man Who Was Thursday by G . K . Chesterton 1908&#10;&#10;--------------------- &gt;&gt; end captured stdout &lt;&lt; ----------------------"><![CDATA[  File "/home/ling-mun/.virtualenvs/nltk27/local/lib/python2.7/site-packages/nose/suite.py", line 209, in run
    self.setUp()
  File "/home/ling-mun/.virtualenvs/nltk27/local/lib/python2.7/site-packages/nose/suite.py", line 292, in setUp
    self.setupContext(ancestor)
  File "/home/ling-mun/.virtualenvs/nltk27/local/lib/python2.7/site-packages/nose/suite.py", line 315, in setupContext
    try_run(context, names)
  File "/home/ling-mun/.virtualenvs/nltk27/local/lib/python2.7/site-packages/nose/util.py", line 469, in try_run
    return func(obj)
  File "/home/ling-mun/code/projects/nltk/nltk/app/__init__.py", line 53, in setup_module
    raise SkipTest("nltk.app examples are not doctests")
nltk.app examples are not doctests
-------------------- >> begin captured stdout << ---------------------
*** Introductory Examples for the NLTK Book ***
Loading text1, ..., text9 and sent1, ..., sent9
Type the name of the text or sentence to view it.
Type: 'texts()' or 'sents()' to list the materials.
text1: Moby Dick by Herman Melville 1851
text2: Sense and Sensibility by Jane Austen 1811
text3: The Book of Genesis
text4: Inaugural Address Corpus
text5: Chat Corpus
text6: Monty Python and the Holy Grail
text7: Wall Street Journal
text8: Personals Corpus
text9: The Man Who Was Thursday by G . K . Chesterton 1908

--------------------- >> end captured stdout << ----------------------]]></skipped></testcase><testcase classname="nltk.chunk.regexp.RegexpChunkRule" name="fromstring" time="0.122"></testcase><testcase classname="nltk.chunk.util" name="ChunkScore" time="0.002"></testcase><testcase classname="nltk.classify" name="megam" time="0.002"></testcase><testcase classname="nltk.classify" name="positivenaivebayes" time="0.005"></testcase><testcase classname="nltk.classify" name="scikitlearn" time="0.024"></testcase><testcase classname="nltk.classify" name="senna" time="2.402"></testcase><testcase classname="nltk" name="classify" time="0.004"></testcase><testcase classname="nltk.collections" name="LazyEnumerate" time="0.003"></testcase><testcase classname="nltk.collections" name="LazyMap" time="0.003"></testcase><testcase classname="nltk.collections" name="LazyZip" time="0.003"></testcase><testcase classname="nltk.collections.Trie" name="as_dict" time="0.002"></testcase><testcase classname="nltk.collections.Trie" name="insert" time="0.002"></testcase><testcase classname="nltk.corpus.reader.aligned.AlignedCorpusReader" name="__init__" time="0.001"></testcase><testcase classname="nltk.corpus.reader.categorized_sents" name="CategorizedSentencesCorpusReader" time="0.028"></testcase><testcase classname="nltk.corpus.reader.comparative_sents" name="ComparativeSentencesCorpusReader" time="0.320"></testcase><testcase classname="nltk.corpus.reader.framenet" name="AttrDict" time="0.003"></testcase><testcase classname="nltk.corpus.reader.framenet" name="FramenetCorpusReader" time="3.935"></testcase><testcase classname="nltk.corpus.reader.framenet.FramenetCorpusReader" name="documents" time="0.029"></testcase><testcase classname="nltk.corpus.reader.framenet.FramenetCorpusReader" name="fe_relations" time="0.431"></testcase><testcase classname="nltk.corpus.reader.framenet.FramenetCorpusReader" name="fes" time="15.331"></testcase><testcase classname="nltk.corpus.reader.framenet.FramenetCorpusReader" name="frame" time="0.027"></testcase><testcase classname="nltk.corpus.reader.framenet.FramenetCorpusReader" name="frame_by_id" time="0.002"></testcase><testcase classname="nltk.corpus.reader.framenet.FramenetCorpusReader" name="frame_by_name" time="0.002"></testcase><testcase classname="nltk.corpus.reader.framenet.FramenetCorpusReader" name="frame_relation_types" time="0.005"></testcase><testcase classname="nltk.corpus.reader.framenet.FramenetCorpusReader" name="frame_relations" time="0.037"></testcase><testcase classname="nltk.corpus.reader.framenet.FramenetCorpusReader" name="frames" time="0.013"></testcase><testcase classname="nltk.corpus.reader.framenet.FramenetCorpusReader" name="frames_by_lemma" time="0.058"></testcase><testcase classname="nltk.corpus.reader.framenet.FramenetCorpusReader" name="lu" time="0.003"></testcase><testcase classname="nltk.corpus.reader.framenet.FramenetCorpusReader" name="lu_basic" time="0.002"></testcase><testcase classname="nltk.corpus.reader.framenet.FramenetCorpusReader" name="lus" time="0.120"></testcase><testcase classname="nltk.corpus.reader.framenet.FramenetCorpusReader" name="propagate_semtypes" time="4.201"></testcase><testcase classname="nltk.corpus.reader.framenet.FramenetCorpusReader" name="semtype" time="0.002"></testcase><testcase classname="nltk.corpus.reader.framenet.FramenetCorpusReader" name="semtypes" time="0.002"></testcase><testcase classname="nltk.corpus.reader.knbc" name="KNBCorpusReader" time="0.794"></testcase><testcase classname="nltk.corpus.reader.mte.MTECorpusReader" name="__init__" time="0.002"></testcase><testcase classname="nltk.corpus.reader.opinion_lexicon" name="OpinionLexiconCorpusReader" time="0.171"></testcase><testcase classname="nltk.corpus.reader.plaintext.PlaintextCorpusReader" name="__init__" time="0.002"></testcase><testcase classname="nltk.corpus.reader.pros_cons" name="ProsConsCorpusReader" time="0.030"></testcase><testcase classname="nltk.corpus.reader.reviews" name="ReviewsCorpusReader" time="0.298"></testcase><testcase classname="nltk.corpus.reader" name="sentiwordnet" time="8.994"></testcase><testcase classname="nltk.corpus.reader.tagged.TaggedCorpusReader" name="__init__" time="0.002"></testcase><testcase classname="nltk.corpus.reader" name="timit" time="0.002"></testcase><testcase classname="nltk.corpus.reader.util" name="PickleCorpusView" time="0.002"></testcase><testcase classname="nltk.corpus.reader.util" name="StreamBackedCorpusView" time="0.002"></testcase><testcase classname="nltk.corpus.reader.wordlist.NonbreakingPrefixesCorpusReader" name="words" time="0.012"></testcase><testcase classname="nltk.corpus.reader.wordlist.UnicharsCorpusReader" name="chars" time="0.021"></testcase><testcase classname="nltk.corpus.reader.wordnet.Synset" name="closure" time="0.033"></testcase><testcase classname="nltk.corpus.reader.wordnet.Synset" name="tree" time="0.006"></testcase><testcase classname="nltk.corpus.reader.wordnet.WordNetCorpusReader" name="morphy" time="0.002"></testcase><testcase classname="nltk.corpus" name="reader" time="9.115"></testcase><testcase classname="nltk" name="corpus" time="8.655"></testcase><testcase classname="nltk.data" name="normalize_resource_name" time="0.003"></testcase><testcase classname="nltk.data" name="normalize_resource_url" time="0.004"></testcase><testcase classname="nltk.data" name="split_resource_url" time="0.002"></testcase><testcase classname="nltk.decorators" name="decorator" time="0.002"></testcase><testcase classname="nltk.decorators" name="getinfo" time="0.002"></testcase><testcase classname="nltk" name="downloader" time="0.001"></testcase><testcase classname="&lt;nose.suite.ContextSuite context=nltk" name="draw&gt;:setup" time="0.002"><skipped type="unittest.case.SkipTest" message="nltk.draw examples are not doctests"><![CDATA[Traceback (most recent call last):
  File "/home/ling-mun/.virtualenvs/nltk27/local/lib/python2.7/site-packages/nose/suite.py", line 209, in run
    self.setUp()
  File "/home/ling-mun/.virtualenvs/nltk27/local/lib/python2.7/site-packages/nose/suite.py", line 292, in setUp
    self.setupContext(ancestor)
  File "/home/ling-mun/.virtualenvs/nltk27/local/lib/python2.7/site-packages/nose/suite.py", line 315, in setupContext
    try_run(context, names)
  File "/home/ling-mun/.virtualenvs/nltk27/local/lib/python2.7/site-packages/nose/util.py", line 469, in try_run
    return func(obj)
  File "/home/ling-mun/code/projects/nltk/nltk/draw/__init__.py", line 28, in setup_module
    raise SkipTest("nltk.draw examples are not doctests")
SkipTest: nltk.draw examples are not doctests
]]></skipped></testcase><testcase classname="nltk" name="featstruct" time="0.002"></testcase><testcase classname="nltk.featstruct" name="rename_variables" time="0.005"></testcase><testcase classname="nltk.featstruct" name="unify" time="0.002"></testcase><testcase classname="nltk.internals" name="Deprecated" time="0.002"></testcase><testcase classname="nltk.internals.ElementWrapper" name="__init__" time="0.002"></testcase><testcase classname="nltk.internals" name="deprecated" time="0.003"></testcase><testcase classname="nltk.internals" name="overridden" time="0.002"></testcase><testcase classname="nltk.internals" name="read_int" time="0.002"></testcase><testcase classname="nltk.internals" name="read_number" time="0.002"></testcase><testcase classname="nltk.internals" name="read_str" time="0.002"></testcase><testcase classname="nltk.metrics" name="agreement" time="0.090"></testcase><testcase classname="nltk.metrics" name="aline" time="0.003"><failure type="exceptions.AssertionError" message="Failed doctest test for nltk.metrics.aline&#10;  File &quot;/home/ling-mun/code/projects/nltk/nltk/metrics/aline.py&quot;, line 9, in aline&#10;&#10;----------------------------------------------------------------------&#10;File &quot;/home/ling-mun/code/projects/nltk/nltk/metrics/aline.py&quot;, line 34, in nltk.metrics.aline&#10;Failed example:&#10;    align('θin', 'tenwis')&#10;Exception raised:&#10;    Traceback (most recent call last):&#10;      File &quot;/usr/lib/python2.7/doctest.py&quot;, line 1315, in __run&#10;        compileflags, 1) in test.globs&#10;      File &quot;&lt;doctest nltk.metrics.aline[0]&gt;&quot;, line 1, in &lt;module&gt;&#10;        align('θin', 'tenwis')&#10;      File &quot;/home/ling-mun/code/projects/nltk/nltk/metrics/aline.py&quot;, line 392, in align&#10;        edit3 = S[i-1, j-1] + sigma_sub(str1[i-1], str2[j-1])&#10;      File &quot;/home/ling-mun/code/projects/nltk/nltk/metrics/aline.py&quot;, line 453, in sigma_sub&#10;        return C_sub - delta(p, q) - V(p) - V(q)&#10;      File &quot;/home/ling-mun/code/projects/nltk/nltk/metrics/aline.py&quot;, line 474, in delta&#10;        total += diff(p, q, f) * salience[f]&#10;      File &quot;/home/ling-mun/code/projects/nltk/nltk/metrics/aline.py&quot;, line 483, in diff&#10;        p_features, q_features = feature_matrix[p], feature_matrix[q]&#10;    KeyError: '\xce'&#10;"><![CDATA[Traceback (most recent call last):
  File "/usr/lib/python2.7/unittest/case.py", line 329, in run
    testMethod()
  File "/usr/lib/python2.7/doctest.py", line 2226, in runTest
    raise self.failureException(self.format_failure(new.getvalue()))
AssertionError: Failed doctest test for nltk.metrics.aline
  File "/home/ling-mun/code/projects/nltk/nltk/metrics/aline.py", line 9, in aline

----------------------------------------------------------------------
File "/home/ling-mun/code/projects/nltk/nltk/metrics/aline.py", line 34, in nltk.metrics.aline
Failed example:
    align('θin', 'tenwis')
Exception raised:
    Traceback (most recent call last):
      File "/usr/lib/python2.7/doctest.py", line 1315, in __run
        compileflags, 1) in test.globs
      File "<doctest nltk.metrics.aline[0]>", line 1, in <module>
        align('θin', 'tenwis')
      File "/home/ling-mun/code/projects/nltk/nltk/metrics/aline.py", line 392, in align
        edit3 = S[i-1, j-1] + sigma_sub(str1[i-1], str2[j-1])
      File "/home/ling-mun/code/projects/nltk/nltk/metrics/aline.py", line 453, in sigma_sub
        return C_sub - delta(p, q) - V(p) - V(q)
      File "/home/ling-mun/code/projects/nltk/nltk/metrics/aline.py", line 474, in delta
        total += diff(p, q, f) * salience[f]
      File "/home/ling-mun/code/projects/nltk/nltk/metrics/aline.py", line 483, in diff
        p_features, q_features = feature_matrix[p], feature_matrix[q]
    KeyError: '\xce'

]]></failure></testcase><testcase classname="nltk.metrics.association.TrigramAssocMeasures" name="_contingency" time="0.002"></testcase><testcase classname="nltk.metrics.association.TrigramAssocMeasures" name="_marginals" time="0.002"></testcase><testcase classname="nltk.metrics.confusionmatrix" name="ConfusionMatrix" time="0.002"></testcase><testcase classname="nltk.metrics.distance" name="binary_distance" time="0.002"></testcase><testcase classname="nltk.metrics.distance" name="interval_distance" time="0.002"></testcase><testcase classname="nltk.metrics.distance" name="masi_distance" time="0.002"></testcase><testcase classname="nltk.metrics.segmentation" name="ghd" time="0.002"></testcase><testcase classname="nltk.metrics.segmentation" name="pk" time="0.003"></testcase><testcase classname="nltk.metrics.segmentation" name="windowdiff" time="0.002"></testcase><testcase classname="nltk.parse.evaluate" name="DependencyEvaluator" time="0.003"></testcase><testcase classname="nltk.parse.malt" name="MaltParser" time="0.001"></testcase><testcase classname="nltk.parse.nonprojectivedependencyparser" name="NaiveBayesDependencyScorer" time="0.042"></testcase><testcase classname="nltk.parse.nonprojectivedependencyparser" name="ProbabilisticNonprojectiveParser" time="0.017"></testcase><testcase classname="nltk.parse.projectivedependencyparser" name="ProbabilisticProjectiveDependencyParser" time="0.011"></testcase><testcase classname="nltk.parse.stanford" name="StanfordDependencyParser" time="24.340"></testcase><testcase classname="nltk.parse.stanford" name="StanfordNeuralDependencyParser" time="221.838"></testcase><testcase classname="nltk.parse.stanford" name="StanfordParser" time="19.735"></testcase><testcase classname="nltk.parse.transitionparser" name="demo" time="0.766"></testcase><testcase classname="nltk.parse.util" name="taggedsent_to_conll" time="1.258"></testcase><testcase classname="nltk.parse.util" name="taggedsents_to_conll" time="0.019"></testcase><testcase classname="nltk.probability" name="ConditionalFreqDist" time="0.007"></testcase><testcase classname="nltk.probability" name="ConditionalProbDist" time="0.295"></testcase><testcase classname="nltk.probability" name="FreqDist" time="0.003"></testcase><testcase classname="nltk.probability.FreqDist" name="__add__" time="0.003"></testcase><testcase classname="nltk.probability.FreqDist" name="__and__" time="0.002"></testcase><testcase classname="nltk.probability.FreqDist" name="__or__" time="0.002"></testcase><testcase classname="nltk.probability.FreqDist" name="__sub__" time="0.002"></testcase><testcase classname="nltk.probability" name="ProbabilisticMixIn" time="0.002"></testcase><testcase classname="nltk.sem.evaluate" name="Assignment" time="0.004"></testcase><testcase classname="nltk" name="sem" time="0.003"></testcase><testcase classname="nltk.sentiment.util" name="extract_bigram_feats" time="0.002"></testcase><testcase classname="nltk.sentiment.util" name="extract_unigram_feats" time="0.002"></testcase><testcase classname="nltk.sentiment.util" name="mark_negation" time="0.002"></testcase><testcase classname="nltk.stem.lancaster" name="LancasterStemmer" time="0.006"></testcase><testcase classname="nltk.stem.regexp" name="RegexpStemmer" time="0.003"></testcase><testcase classname="nltk.stem.rslp" name="RSLPStemmer" time="0.052"></testcase><testcase classname="nltk.stem.snowball" name="SnowballStemmer" time="0.003"></testcase><testcase classname="nltk.stem.wordnet" name="WordNetLemmatizer" time="7.911"></testcase><testcase classname="nltk.tag.brill_trainer.BrillTaggerTrainer" name="train" time="11.555"></testcase><testcase classname="nltk.tag.crf" name="CRFTagger" time="0.206"></testcase><testcase classname="&lt;nose.suite.ContextSuite context=nltk.tag" name="hunpos&gt;:setup" time="0.315"><skipped type="unittest.case.SkipTest" message="HunposTagger is not available"><![CDATA[Traceback (most recent call last):
  File "/home/ling-mun/.virtualenvs/nltk27/local/lib/python2.7/site-packages/nose/suite.py", line 209, in run
    self.setUp()
  File "/home/ling-mun/.virtualenvs/nltk27/local/lib/python2.7/site-packages/nose/suite.py", line 292, in setUp
    self.setupContext(ancestor)
  File "/home/ling-mun/.virtualenvs/nltk27/local/lib/python2.7/site-packages/nose/suite.py", line 315, in setupContext
    try_run(context, names)
  File "/home/ling-mun/.virtualenvs/nltk27/local/lib/python2.7/site-packages/nose/util.py", line 469, in try_run
    return func(obj)
  File "/home/ling-mun/code/projects/nltk/nltk/tag/hunpos.py", line 131, in setup_module
    raise SkipTest("HunposTagger is not available")
SkipTest: HunposTagger is not available
]]></skipped></testcase><testcase classname="nltk.tag.mapping" name="map_tag" time="0.113"></testcase><testcase classname="nltk.tag.mapping" name="tagset_mapping" time="0.021"></testcase><testcase classname="nltk.tag.perceptron" name="PerceptronTagger" time="0.011"></testcase><testcase classname="nltk.tag" name="senna" time="33.967"></testcase><testcase classname="nltk.tag.senna.SennaChunkTagger" name="bio_to_chunks" time="0.513"></testcase><testcase classname="nltk.tag.sequential" name="DefaultTagger" time="0.003"></testcase><testcase classname="nltk.tag.sequential" name="RegexpTagger" time="0.047"></testcase><testcase classname="nltk.tag.sequential" name="UnigramTagger" time="0.324"></testcase><testcase classname="nltk.tag.stanford" name="StanfordNERTagger" time="0.002"></testcase><testcase classname="nltk.tag.stanford" name="StanfordPOSTagger" time="0.002"></testcase><testcase classname="nltk.tag.util" name="str2tuple" time="0.002"></testcase><testcase classname="nltk.tag.util" name="tuple2str" time="0.002"></testcase><testcase classname="nltk.tag.util" name="untag" time="0.002"></testcase><testcase classname="nltk" name="tag" time="0.536"></testcase><testcase classname="nltk.tag" name="pos_tag" time="0.006"></testcase><testcase classname="nltk.tbl.feature.Feature" name="__init__" time="0.002"></testcase><testcase classname="nltk.tbl.feature.Feature" name="expand" time="0.003"></testcase><testcase classname="nltk.tbl.feature.Feature" name="intersects" time="0.002"></testcase><testcase classname="nltk.tbl.feature.Feature" name="issuperset" time="0.002"></testcase><testcase classname="nltk.tbl.rule.Rule" name="format" time="0.003"></testcase><testcase classname="nltk.tbl.template.Template" name="__init__" time="0.003"></testcase><testcase classname="nltk.tbl.template.Template" name="expand" time="0.281"></testcase><testcase classname="nltk.text" name="Text" time="1.838"></testcase><testcase classname="nltk.text.Text" name="findall" time="0.822"></testcase><testcase classname="nltk.text" name="TextCollection" time="34.516"></testcase><testcase classname="nltk.text.TokenSearcher" name="findall" time="0.056"></testcase><testcase classname="nltk" name="tgrep" time="0.090"></testcase><testcase classname="nltk.tokenize.casual" name="TweetTokenizer" time="0.004"></testcase><testcase classname="nltk.tokenize.casual" name="_replace_html_entities" time="0.002"></testcase><testcase classname="nltk.tokenize.moses" name="MosesDetokenizer" time="1.089"></testcase><testcase classname="nltk.tokenize.moses" name="MosesTokenizer" time="0.090"></testcase><testcase classname="nltk.tokenize.moses.MosesTokenizer" name="tokenize" time="0.006"></testcase><testcase classname="nltk.tokenize" name="mwe" time="0.002"></testcase><testcase classname="nltk.tokenize.mwe.MWETokenizer" name="add_mwe" time="0.002"></testcase><testcase classname="nltk.tokenize.mwe.MWETokenizer" name="tokenize" time="0.002"></testcase><testcase classname="nltk.tokenize" name="punkt" time="0.004"></testcase><testcase classname="nltk.tokenize" name="regexp" time="0.006"></testcase><testcase classname="nltk.tokenize.regexp" name="RegexpTokenizer" time="0.002"></testcase><testcase classname="nltk.tokenize.regexp" name="WhitespaceTokenizer" time="0.002"></testcase><testcase classname="nltk.tokenize.regexp" name="WordPunctTokenizer" time="0.002"></testcase><testcase classname="nltk.tokenize.repp" name="ReppTokenizer" time="0.002"></testcase><testcase classname="nltk.tokenize" name="sexpr" time="0.003"></testcase><testcase classname="nltk.tokenize.sexpr.SExprTokenizer" name="tokenize" time="0.003"></testcase><testcase classname="nltk.tokenize" name="simple" time="0.008"></testcase><testcase classname="nltk.tokenize.simple" name="LineTokenizer" time="0.002"></testcase><testcase classname="nltk.tokenize.simple" name="SpaceTokenizer" time="0.002"></testcase><testcase classname="nltk.tokenize.simple" name="TabTokenizer" time="0.002"></testcase><testcase classname="nltk.tokenize.stanford" name="StanfordTokenizer" time="9.491"></testcase><testcase classname="&lt;nose.suite.ContextSuite context=nltk.tokenize" name="stanford_segmenter&gt;:setup" time="9.494"><skipped type="unittest.case.SkipTest" message="doctests from nltk.tokenize.stanford_segmenter are skipped because the stanford segmenter jar doesn't exist"><![CDATA[Traceback (most recent call last):
  File "/home/ling-mun/.virtualenvs/nltk27/local/lib/python2.7/site-packages/nose/suite.py", line 209, in run
    self.setUp()
  File "/home/ling-mun/.virtualenvs/nltk27/local/lib/python2.7/site-packages/nose/suite.py", line 292, in setUp
    self.setupContext(ancestor)
  File "/home/ling-mun/.virtualenvs/nltk27/local/lib/python2.7/site-packages/nose/suite.py", line 315, in setupContext
    try_run(context, names)
  File "/home/ling-mun/.virtualenvs/nltk27/local/lib/python2.7/site-packages/nose/util.py", line 469, in try_run
    return func(obj)
  File "/home/ling-mun/code/projects/nltk/nltk/tokenize/stanford_segmenter.py", line 158, in setup_module
    raise SkipTest('doctests from nltk.tokenize.stanford_segmenter are skipped because the stanford segmenter jar doesn\'t exist')
SkipTest: doctests from nltk.tokenize.stanford_segmenter are skipped because the stanford segmenter jar doesn't exist
]]></skipped></testcase><testcase classname="nltk.tokenize.texttiling" name="TextTilingTokenizer" time="9.652"></testcase><testcase classname="nltk.tokenize.toktok" name="ToktokTokenizer" time="0.004"></testcase><testcase classname="nltk.tokenize.treebank" name="TreebankWordTokenizer" time="0.003"></testcase><testcase classname="nltk.tokenize.util" name="is_cjk" time="0.002"></testcase><testcase classname="nltk.tokenize.util" name="regexp_span_tokenize" time="0.002"></testcase><testcase classname="nltk.tokenize.util" name="spans_to_relative" time="0.002"></testcase><testcase classname="nltk.tokenize.util" name="string_span_tokenize" time="0.002"></testcase><testcase classname="nltk" name="tokenize" time="0.005"></testcase><testcase classname="nltk.translate.api" name="AlignedSent" time="0.500"></testcase><testcase classname="nltk.translate.api" name="Alignment" time="0.003"></testcase><testcase classname="nltk.translate.api.Alignment" name="fromstring" time="0.002"></testcase><testcase classname="nltk.translate.bleu_score.SmoothingFunction" name="__init__" time="0.013"></testcase><testcase classname="nltk.translate.bleu_score" name="brevity_penalty" time="0.119"></testcase><testcase classname="nltk.translate.bleu_score" name="corpus_bleu" time="0.008"></testcase><testcase classname="nltk.translate.bleu_score" name="modified_precision" time="0.006"></testcase><testcase classname="nltk.translate.bleu_score" name="sentence_bleu" time="0.008"></testcase><testcase classname="nltk.translate.gale_church" name="align_blocks" time="0.008"></testcase><testcase classname="nltk.translate.gdfa" name="grow_diag_final_and" time="0.005"></testcase><testcase classname="nltk.translate.ibm1" name="IBMModel1" time="0.006"></testcase><testcase classname="nltk.translate.ibm2" name="IBMModel2" time="0.016"></testcase><testcase classname="nltk.translate.ibm3" name="IBMModel3" time="3.283"></testcase><testcase classname="nltk.translate.ibm4" name="IBMModel4" time="7.430"></testcase><testcase classname="nltk.translate.ibm5" name="IBMModel5" time="11.051"></testcase><testcase classname="nltk.translate.metrics" name="alignment_error_rate" time="0.002"></testcase><testcase classname="nltk.translate.phrase_based" name="phrase_extraction" time="0.003"></testcase><testcase classname="nltk.translate.ribes_score" name="corpus_ribes" time="0.010"></testcase><testcase classname="nltk.translate.ribes_score" name="find_increasing_sequences" time="0.004"></testcase><testcase classname="nltk.translate.ribes_score" name="kendall_tau" time="0.002"></testcase><testcase classname="nltk.translate.ribes_score" name="spearman_rho" time="0.002"></testcase><testcase classname="nltk.translate.ribes_score" name="word_rank_alignment" time="0.003"></testcase><testcase classname="nltk.translate.stack_decoder" name="StackDecoder" time="0.031"></testcase><testcase classname="nltk.tree" name="Tree" time="0.005"></testcase><testcase classname="nltk.tree.Tree" name="flatten" time="0.002"></testcase><testcase classname="nltk.tree.Tree" name="height" time="0.002"></testcase><testcase classname="nltk.tree.Tree" name="label" time="0.002"></testcase><testcase classname="nltk.tree.Tree" name="leaves" time="0.002"></testcase><testcase classname="nltk.tree.Tree" name="pos" time="0.002"></testcase><testcase classname="nltk.tree.Tree" name="productions" time="0.002"></testcase><testcase classname="nltk.tree.Tree" name="set_label" time="0.002"></testcase><testcase classname="nltk.tree.Tree" name="subtrees" time="0.002"></testcase><testcase classname="nltk.tree.Tree" name="treepositions" time="0.002"></testcase><testcase classname="nltk.treeprettyprinter" name="TreePrettyPrinter" time="0.003"></testcase><testcase classname="nltk.util" name="bigrams" time="0.002"></testcase><testcase classname="nltk.util" name="choose" time="0.002"></testcase><testcase classname="nltk.util" name="everygrams" time="0.002"></testcase><testcase classname="nltk.util" name="flatten" time="0.002"></testcase><testcase classname="nltk.util" name="ngrams" time="0.002"></testcase><testcase classname="nltk.util" name="pad_sequence" time="0.002"></testcase><testcase classname="nltk.util" name="skipgrams" time="0.002"></testcase><testcase classname="nltk.util" name="trigrams" time="0.002"></testcase><testcase classname="nltk.wsd" name="lesk" time="6.577"></testcase><testcase classname="bleu_doctest" name="bleu_doctest" time="0.002"></testcase><testcase classname="bnc_doctest" name="bnc_doctest" time="0.216"></testcase><testcase classname="ccg_doctest" name="ccg_doctest" time="0.176"></testcase><testcase classname="ccg_semantics_doctest" name="ccg_semantics_doctest" time="0.096"></testcase><testcase classname="chat80_doctest" name="chat80_doctest" time="0.489"></testcase><testcase classname="&lt;nose.suite" name="ContextSuite context=childes_fixt&gt;:setup" time="0.492"><skipped type="unittest.case.SkipTest" message="The CHILDES corpus is not found. It should be manually downloaded and saved/unpacked to [NLTK_Data_Dir]/corpora/childes/"><![CDATA[Traceback (most recent call last):
  File "/home/ling-mun/.virtualenvs/nltk27/local/lib/python2.7/site-packages/nose/suite.py", line 209, in run
    self.setUp()
  File "/home/ling-mun/.virtualenvs/nltk27/local/lib/python2.7/site-packages/nose/suite.py", line 292, in setUp
    self.setupContext(ancestor)
  File "/home/ling-mun/.virtualenvs/nltk27/local/lib/python2.7/site-packages/nose/suite.py", line 315, in setupContext
    try_run(context, names)
  File "/home/ling-mun/.virtualenvs/nltk27/local/lib/python2.7/site-packages/nose/util.py", line 469, in try_run
    return func(obj)
  File "/home/ling-mun/code/projects/nltk/nltk/test/childes_fixt.py", line 11, in setup_module
    raise SkipTest("The CHILDES corpus is not found. "
SkipTest: The CHILDES corpus is not found. It should be manually downloaded and saved/unpacked to [NLTK_Data_Dir]/corpora/childes/
]]></skipped><system-out><![CDATA[
**********************************************************************
  Resource u'corpora/childes/data-xml/Eng-USA-MOR/' not found.
  Please use the NLTK Downloader to obtain the resource:  >>>
  nltk.download()
  Searched in:
    - '/home/ling-mun/nltk_data'
    - '/usr/share/nltk_data'
    - '/usr/local/share/nltk_data'
    - '/usr/lib/nltk_data'
    - '/usr/local/lib/nltk_data'
**********************************************************************
]]></system-out></testcase><testcase classname="chunk_doctest" name="chunk_doctest" time="0.044"></testcase><testcase classname="classify_doctest" name="classify_doctest" time="34.543"></testcase><testcase classname="collocations_doctest" name="collocations_doctest" time="5.785"></testcase><testcase classname="compat_doctest" name="compat_doctest" time="0.006"></testcase><testcase classname="corpus_doctest" name="corpus_doctest" time="56.691"></testcase><testcase classname="crubadan_doctest" name="crubadan_doctest" time="0.411"></testcase><testcase classname="data_doctest" name="data_doctest" time="1.973"></testcase><testcase classname="discourse_doctest" name="discourse_doctest" time="8.740"><failure type="exceptions.AssertionError" message="Failed doctest test for discourse.doctest&#10;  File &quot;/home/ling-mun/code/projects/nltk/nltk/test/discourse.doctest&quot;, line 0&#10;&#10;----------------------------------------------------------------------&#10;File &quot;/home/ling-mun/code/projects/nltk/nltk/test/discourse.doctest&quot;, line 520, in discourse.doctest&#10;Failed example:&#10;    rc = DrtGlueReadingCommand(depparser=MaltParser(tagger=tagger))&#10;Exception raised:&#10;    Traceback (most recent call last):&#10;      File &quot;/usr/lib/python2.7/doctest.py&quot;, line 1315, in __run&#10;        compileflags, 1) in test.globs&#10;      File &quot;&lt;doctest discourse.doctest[46]&gt;&quot;, line 1, in &lt;module&gt;&#10;        rc = DrtGlueReadingCommand(depparser=MaltParser(tagger=tagger))&#10;    TypeError: __init__() takes at least 2 arguments (2 given)&#10;----------------------------------------------------------------------&#10;File &quot;/home/ling-mun/code/projects/nltk/nltk/test/discourse.doctest&quot;, line 521, in discourse.doctest&#10;Failed example:&#10;    dt = DiscourseTester(map(str.split, ['Every dog chases a boy', 'He runs']), rc)&#10;Exception raised:&#10;    Traceback (most recent call last):&#10;      File &quot;/usr/lib/python2.7/doctest.py&quot;, line 1315, in __run&#10;        compileflags, 1) in test.globs&#10;      File &quot;&lt;doctest discourse.doctest[47]&gt;&quot;, line 1, in &lt;module&gt;&#10;        dt = DiscourseTester(map(str.split, ['Every dog chases a boy', 'He runs']), rc)&#10;    NameError: name 'rc' is not defined&#10;----------------------------------------------------------------------&#10;File &quot;/home/ling-mun/code/projects/nltk/nltk/test/discourse.doctest&quot;, line 522, in discourse.doctest&#10;Failed example:&#10;    dt.readings()&#10;Expected:&#10;    &lt;BLANKLINE&gt;&#10;    s0 readings:&#10;    &lt;BLANKLINE&gt;&#10;    s0-r0: ([z2],[boy(z2), (([z5],[dog(z5)]) -&gt; ([],[chases(z5,z2)]))])&#10;    s0-r1: ([],[(([z1],[dog(z1)]) -&gt; ([z2],[boy(z2), chases(z1,z2)]))])&#10;    &lt;BLANKLINE&gt;&#10;    s1 readings:&#10;    &lt;BLANKLINE&gt;&#10;    s1-r0: ([z1],[PRO(z1), runs(z1)])&#10;Got:&#10;    &lt;BLANKLINE&gt;&#10;    s0 readings:&#10;    &lt;BLANKLINE&gt;&#10;    s0-r0: boxer(Vincent)&#10;    s0-r1: boxerdog(Vincent)&#10;    &lt;BLANKLINE&gt;&#10;    s1 readings:&#10;    &lt;BLANKLINE&gt;&#10;    s1-r0: boxer(Fido)&#10;    s1-r1: boxerdog(Fido)&#10;    &lt;BLANKLINE&gt;&#10;    s2 readings:&#10;    &lt;BLANKLINE&gt;&#10;    s2-r0: married(Vincent)&#10;    &lt;BLANKLINE&gt;&#10;    s3 readings:&#10;    &lt;BLANKLINE&gt;&#10;    s3-r0: bark(Fido)&#10;----------------------------------------------------------------------&#10;File &quot;/home/ling-mun/code/projects/nltk/nltk/test/discourse.doctest&quot;, line 532, in discourse.doctest&#10;Failed example:&#10;    dt.readings(show_thread_readings=True)&#10;Expected:&#10;    d0: ['s0-r0', 's1-r0'] : ([z1,z2],[boy(z1), (([z3],[dog(z3)]) -&gt; ([],[chases(z3,z1)])), (z2 = z1), runs(z2)])&#10;    d1: ['s0-r1', 's1-r0'] : INVALID: AnaphoraResolutionException&#10;Got:&#10;    d0: ['s0-r0', 's1-r0', 's2-r0', 's3-r0'] : (boxer(Vincent) &amp; boxer(Fido) &amp; married(Vincent) &amp; bark(Fido))&#10;    d1: ['s0-r0', 's1-r1', 's2-r0', 's3-r0'] : (boxer(Vincent) &amp; boxerdog(Fido) &amp; married(Vincent) &amp; bark(Fido))&#10;    d2: ['s0-r1', 's1-r0', 's2-r0', 's3-r0'] : (boxerdog(Vincent) &amp; boxer(Fido) &amp; married(Vincent) &amp; bark(Fido))&#10;    d3: ['s0-r1', 's1-r1', 's2-r0', 's3-r0'] : (boxerdog(Vincent) &amp; boxerdog(Fido) &amp; married(Vincent) &amp; bark(Fido))&#10;----------------------------------------------------------------------&#10;File &quot;/home/ling-mun/code/projects/nltk/nltk/test/discourse.doctest&quot;, line 535, in discourse.doctest&#10;Failed example:&#10;    dt.readings(filter=True, show_thread_readings=True)&#10;Expected:&#10;    d0: ['s0-r0', 's1-r0'] : ([z1,z3],[boy(z1), (([z2],[dog(z2)]) -&gt; ([],[chases(z2,z1)])), (z3 = z1), runs(z3)])&#10;Got:&#10;    d1: ['s0-r0', 's1-r1', 's2-r0', 's3-r0'] : (boxer(Vincent) &amp; boxerdog(Fido) &amp; married(Vincent) &amp; bark(Fido))&#10;"><![CDATA[Traceback (most recent call last):
  File "/usr/lib/python2.7/unittest/case.py", line 329, in run
    testMethod()
  File "/usr/lib/python2.7/doctest.py", line 2226, in runTest
    raise self.failureException(self.format_failure(new.getvalue()))
AssertionError: Failed doctest test for discourse.doctest
  File "/home/ling-mun/code/projects/nltk/nltk/test/discourse.doctest", line 0

----------------------------------------------------------------------
File "/home/ling-mun/code/projects/nltk/nltk/test/discourse.doctest", line 520, in discourse.doctest
Failed example:
    rc = DrtGlueReadingCommand(depparser=MaltParser(tagger=tagger))
Exception raised:
    Traceback (most recent call last):
      File "/usr/lib/python2.7/doctest.py", line 1315, in __run
        compileflags, 1) in test.globs
      File "<doctest discourse.doctest[46]>", line 1, in <module>
        rc = DrtGlueReadingCommand(depparser=MaltParser(tagger=tagger))
    TypeError: __init__() takes at least 2 arguments (2 given)
----------------------------------------------------------------------
File "/home/ling-mun/code/projects/nltk/nltk/test/discourse.doctest", line 521, in discourse.doctest
Failed example:
    dt = DiscourseTester(map(str.split, ['Every dog chases a boy', 'He runs']), rc)
Exception raised:
    Traceback (most recent call last):
      File "/usr/lib/python2.7/doctest.py", line 1315, in __run
        compileflags, 1) in test.globs
      File "<doctest discourse.doctest[47]>", line 1, in <module>
        dt = DiscourseTester(map(str.split, ['Every dog chases a boy', 'He runs']), rc)
    NameError: name 'rc' is not defined
----------------------------------------------------------------------
File "/home/ling-mun/code/projects/nltk/nltk/test/discourse.doctest", line 522, in discourse.doctest
Failed example:
    dt.readings()
Expected:
    <BLANKLINE>
    s0 readings:
    <BLANKLINE>
    s0-r0: ([z2],[boy(z2), (([z5],[dog(z5)]) -> ([],[chases(z5,z2)]))])
    s0-r1: ([],[(([z1],[dog(z1)]) -> ([z2],[boy(z2), chases(z1,z2)]))])
    <BLANKLINE>
    s1 readings:
    <BLANKLINE>
    s1-r0: ([z1],[PRO(z1), runs(z1)])
Got:
    <BLANKLINE>
    s0 readings:
    <BLANKLINE>
    s0-r0: boxer(Vincent)
    s0-r1: boxerdog(Vincent)
    <BLANKLINE>
    s1 readings:
    <BLANKLINE>
    s1-r0: boxer(Fido)
    s1-r1: boxerdog(Fido)
    <BLANKLINE>
    s2 readings:
    <BLANKLINE>
    s2-r0: married(Vincent)
    <BLANKLINE>
    s3 readings:
    <BLANKLINE>
    s3-r0: bark(Fido)
----------------------------------------------------------------------
File "/home/ling-mun/code/projects/nltk/nltk/test/discourse.doctest", line 532, in discourse.doctest
Failed example:
    dt.readings(show_thread_readings=True)
Expected:
    d0: ['s0-r0', 's1-r0'] : ([z1,z2],[boy(z1), (([z3],[dog(z3)]) -> ([],[chases(z3,z1)])), (z2 = z1), runs(z2)])
    d1: ['s0-r1', 's1-r0'] : INVALID: AnaphoraResolutionException
Got:
    d0: ['s0-r0', 's1-r0', 's2-r0', 's3-r0'] : (boxer(Vincent) & boxer(Fido) & married(Vincent) & bark(Fido))
    d1: ['s0-r0', 's1-r1', 's2-r0', 's3-r0'] : (boxer(Vincent) & boxerdog(Fido) & married(Vincent) & bark(Fido))
    d2: ['s0-r1', 's1-r0', 's2-r0', 's3-r0'] : (boxerdog(Vincent) & boxer(Fido) & married(Vincent) & bark(Fido))
    d3: ['s0-r1', 's1-r1', 's2-r0', 's3-r0'] : (boxerdog(Vincent) & boxerdog(Fido) & married(Vincent) & bark(Fido))
----------------------------------------------------------------------
File "/home/ling-mun/code/projects/nltk/nltk/test/discourse.doctest", line 535, in discourse.doctest
Failed example:
    dt.readings(filter=True, show_thread_readings=True)
Expected:
    d0: ['s0-r0', 's1-r0'] : ([z1,z3],[boy(z1), (([z2],[dog(z2)]) -> ([],[chases(z2,z1)])), (z3 = z1), runs(z3)])
Got:
    d1: ['s0-r0', 's1-r1', 's2-r0', 's3-r0'] : (boxer(Vincent) & boxerdog(Fido) & married(Vincent) & bark(Fido))

]]></failure></testcase><testcase classname="drt_doctest" name="drt_doctest" time="0.272"></testcase><testcase classname="featgram_doctest" name="featgram_doctest" time="0.698"></testcase><testcase classname="featstruct_doctest" name="featstruct_doctest" time="0.137"></testcase><testcase classname="framenet_doctest" name="framenet_doctest" time="30.810"></testcase><testcase classname="generate_doctest" name="generate_doctest" time="0.015"></testcase><testcase classname="gensim_doctest" name="gensim_doctest" time="103.939"></testcase><testcase classname="gluesemantics_doctest" name="gluesemantics_doctest" time="0.168"><failure type="exceptions.AssertionError" message='Failed doctest test for gluesemantics.doctest&#10;  File "/home/ling-mun/code/projects/nltk/nltk/test/gluesemantics.doctest", line 0&#10;&#10;----------------------------------------------------------------------&#10;File "/home/ling-mun/code/projects/nltk/nltk/test/gluesemantics.doctest", line 346, in gluesemantics.doctest&#10;Failed example:&#10;    for gf in sorted(gfl):&#10;        print(gf)&#10;Expected:&#10;    \P Q.exists x.(P(x) &amp; Q(x)) : ((fv -o fr) -o ((f -o F2) -o F2))&#10;    \P Q.exists x.(P(x) &amp; Q(x)) : ((iv -o ir) -o ((i -o I5) -o I5))&#10;    \x y.sees(x,y) : (f -o (i -o g))&#10;    \x.John(x) : (fv -o fr)&#10;    \x.dog(x) : (iv -o ir)&#10;Got:&#10;    \P Q.exists x.(P(x) &amp; Q(x)) : ((fv -o fr) -o ((f -o F4) -o F4))&#10;    \P Q.exists x.(P(x) &amp; Q(x)) : ((iv -o ir) -o ((i -o I3) -o I3))&#10;    \x y.sees(x,y) : (f -o (i -o g))&#10;    \x.John(x) : (fv -o fr)&#10;    \x.dog(x) : (iv -o ir)&#10;'><![CDATA[Traceback (most recent call last):
  File "/usr/lib/python2.7/unittest/case.py", line 329, in run
    testMethod()
  File "/usr/lib/python2.7/doctest.py", line 2226, in runTest
    raise self.failureException(self.format_failure(new.getvalue()))
AssertionError: Failed doctest test for gluesemantics.doctest
  File "/home/ling-mun/code/projects/nltk/nltk/test/gluesemantics.doctest", line 0

----------------------------------------------------------------------
File "/home/ling-mun/code/projects/nltk/nltk/test/gluesemantics.doctest", line 346, in gluesemantics.doctest
Failed example:
    for gf in sorted(gfl):
        print(gf)
Expected:
    \P Q.exists x.(P(x) & Q(x)) : ((fv -o fr) -o ((f -o F2) -o F2))
    \P Q.exists x.(P(x) & Q(x)) : ((iv -o ir) -o ((i -o I5) -o I5))
    \x y.sees(x,y) : (f -o (i -o g))
    \x.John(x) : (fv -o fr)
    \x.dog(x) : (iv -o ir)
Got:
    \P Q.exists x.(P(x) & Q(x)) : ((fv -o fr) -o ((f -o F4) -o F4))
    \P Q.exists x.(P(x) & Q(x)) : ((iv -o ir) -o ((i -o I3) -o I3))
    \x y.sees(x,y) : (f -o (i -o g))
    \x.John(x) : (fv -o fr)
    \x.dog(x) : (iv -o ir)

]]></failure></testcase><testcase classname="&lt;nose.suite" name="ContextSuite context=gluesemantics_malt_fixt&gt;:setup" time="0.759"><skipped type="unittest.case.SkipTest" message="MaltParser is not available"><![CDATA[Traceback (most recent call last):
  File "/home/ling-mun/.virtualenvs/nltk27/local/lib/python2.7/site-packages/nose/suite.py", line 209, in run
    self.setUp()
  File "/home/ling-mun/.virtualenvs/nltk27/local/lib/python2.7/site-packages/nose/suite.py", line 292, in setUp
    self.setupContext(ancestor)
  File "/home/ling-mun/.virtualenvs/nltk27/local/lib/python2.7/site-packages/nose/suite.py", line 315, in setupContext
    try_run(context, names)
  File "/home/ling-mun/.virtualenvs/nltk27/local/lib/python2.7/site-packages/nose/util.py", line 469, in try_run
    return func(obj)
  File "/home/ling-mun/code/projects/nltk/nltk/test/gluesemantics_malt_fixt.py", line 11, in setup_module
    raise SkipTest("MaltParser is not available")
SkipTest: MaltParser is not available
]]></skipped></testcase><testcase classname="grammar_doctest" name="grammar_doctest" time="0.008"></testcase><testcase classname="grammartestsuites_doctest" name="grammartestsuites_doctest" time="1.172"></testcase><testcase classname="inference_doctest" name="inference_doctest" time="1.134"><failure type="exceptions.AssertionError" message="Failed doctest test for inference.doctest&#10;  File &quot;/home/ling-mun/code/projects/nltk/nltk/test/inference.doctest&quot;, line 0&#10;&#10;----------------------------------------------------------------------&#10;File &quot;/home/ling-mun/code/projects/nltk/nltk/test/inference.doctest&quot;, line 108, in inference.doctest&#10;Failed example:&#10;    prover.assumptions()&#10;Expected:&#10;    [&lt;ApplicationExpression man(socrates)&gt;, &lt;Alread_expression all x.(man(x) -&gt; mortal(x))&gt;]&#10;Got:&#10;    [&lt;ApplicationExpression man(socrates)&gt;, &lt;AllExpression all x.(man(x) -&gt; mortal(x))&gt;]&#10;----------------------------------------------------------------------&#10;File &quot;/home/ling-mun/code/projects/nltk/nltk/test/inference.doctest&quot;, line 487, in inference.doctest&#10;Failed example:&#10;    print(mb.valuation)&#10;Expected:&#10;    {'john': 'a', 'mary': 'b', 'see': {('b', 'a')}}&#10;Got:&#10;    {u'see': set([('b', 'a')]), u'john': 'a', u'mary': 'b'}&#10;"><![CDATA[Traceback (most recent call last):
  File "/usr/lib/python2.7/unittest/case.py", line 329, in run
    testMethod()
  File "/usr/lib/python2.7/doctest.py", line 2226, in runTest
    raise self.failureException(self.format_failure(new.getvalue()))
AssertionError: Failed doctest test for inference.doctest
  File "/home/ling-mun/code/projects/nltk/nltk/test/inference.doctest", line 0

----------------------------------------------------------------------
File "/home/ling-mun/code/projects/nltk/nltk/test/inference.doctest", line 108, in inference.doctest
Failed example:
    prover.assumptions()
Expected:
    [<ApplicationExpression man(socrates)>, <Alread_expression all x.(man(x) -> mortal(x))>]
Got:
    [<ApplicationExpression man(socrates)>, <AllExpression all x.(man(x) -> mortal(x))>]
----------------------------------------------------------------------
File "/home/ling-mun/code/projects/nltk/nltk/test/inference.doctest", line 487, in inference.doctest
Failed example:
    print(mb.valuation)
Expected:
    {'john': 'a', 'mary': 'b', 'see': {('b', 'a')}}
Got:
    {u'see': set([('b', 'a')]), u'john': 'a', u'mary': 'b'}

]]></failure></testcase><testcase classname="internals_doctest" name="internals_doctest" time="0.010"></testcase><testcase classname="japanese_doctest" name="japanese_doctest" time="2.082"></testcase><testcase classname="logic_doctest" name="logic_doctest" time="0.285"></testcase><testcase classname="metrics_doctest" name="metrics_doctest" time="0.163"></testcase><testcase classname="misc_doctest" name="misc_doctest" time="0.004"></testcase><testcase classname="nonmonotonic_doctest" name="nonmonotonic_doctest" time="1.890"></testcase><testcase classname="paice_doctest" name="paice_doctest" time="0.005"></testcase><testcase classname="parse_doctest" name="parse_doctest" time="24.091"></testcase><testcase classname="&lt;nose.suite" name="ContextSuite context=portuguese_en_fixt&gt;:setup" time="24.092"><skipped type="unittest.case.SkipTest" message="portuguese_en.doctest imports nltk.examples.pt which doesn't exist!"><![CDATA[Traceback (most recent call last):
  File "/home/ling-mun/.virtualenvs/nltk27/local/lib/python2.7/site-packages/nose/suite.py", line 209, in run
    self.setUp()
  File "/home/ling-mun/.virtualenvs/nltk27/local/lib/python2.7/site-packages/nose/suite.py", line 292, in setUp
    self.setupContext(ancestor)
  File "/home/ling-mun/.virtualenvs/nltk27/local/lib/python2.7/site-packages/nose/suite.py", line 315, in setupContext
    try_run(context, names)
  File "/home/ling-mun/.virtualenvs/nltk27/local/lib/python2.7/site-packages/nose/util.py", line 469, in try_run
    return func(obj)
  File "/home/ling-mun/code/projects/nltk/nltk/test/portuguese_en_fixt.py", line 11, in setup_module
    raise SkipTest("portuguese_en.doctest imports nltk.examples.pt which doesn't exist!")
SkipTest: portuguese_en.doctest imports nltk.examples.pt which doesn't exist!
]]></skipped></testcase><testcase classname="probability_doctest" name="probability_doctest" time="39.829"><system-err><![CDATA[/home/ling-mun/code/projects/nltk/nltk/probability.py:1324: UserWarning: SimpleGoodTuring did not find a proper best fit line for smoothing probabilities of occurrences. The probability estimates are likely to be unreliable.
  warnings.warn('SimpleGoodTuring did not find a proper best fit '
]]></system-err></testcase><testcase classname="propbank_doctest" name="propbank_doctest" time="1.767"></testcase><testcase classname="relextract_doctest" name="relextract_doctest" time="17.274"></testcase><testcase classname="resolution_doctest" name="resolution_doctest" time="0.397"></testcase><testcase classname="semantics_doctest" name="semantics_doctest" time="0.688"></testcase><testcase classname="sentiment_doctest" name="sentiment_doctest" time="2.063"></testcase><testcase classname="sentiwordnet_doctest" name="sentiwordnet_doctest" time="12.696"></testcase><testcase classname="simple_doctest" name="simple_doctest" time="0.031"></testcase><testcase classname="stem_doctest" name="stem_doctest" time="0.030"></testcase><testcase classname="tag_doctest" name="tag_doctest" time="0.019"></testcase><testcase classname="tokenize_doctest" name="tokenize_doctest" time="0.292"></testcase><testcase classname="toolbox_doctest" name="toolbox_doctest" time="0.020"></testcase><testcase classname="translate_doctest" name="translate_doctest" time="1.060"></testcase><testcase classname="tree_doctest" name="tree_doctest" time="0.779"></testcase><testcase classname="treeprettyprinter_doctest" name="treeprettyprinter_doctest" time="0.042"></testcase><testcase classname="treetransforms_doctest" name="treetransforms_doctest" time="0.031"></testcase><testcase classname="nltk.test.unit.translate.test_bleu.TestBLEU" name="test_full_matches" time="0.001"></testcase><testcase classname="nltk.test.unit.translate.test_bleu.TestBLEU" name="test_modified_precision" time="0.002"></testcase><testcase classname="nltk.test.unit.translate.test_bleu.TestBLEU" name="test_partial_matches_hypothesis_longer_than_reference" time="0.001"></testcase><testcase classname="nltk.test.unit.translate.test_bleu.TestBLEU" name="test_zero_matches" time="0.001"></testcase><testcase classname="nltk.test.unit.translate.test_bleu.TestBLEUFringeCases" name="test_brevity_penalty" time="0.000"></testcase><testcase classname="nltk.test.unit.translate.test_bleu.TestBLEUFringeCases" name="test_case_where_n_is_bigger_than_hypothesis_length" time="0.001"></testcase><testcase classname="nltk.test.unit.translate.test_bleu.TestBLEUFringeCases" name="test_empty_hypothesis" time="0.001"></testcase><testcase classname="nltk.test.unit.translate.test_bleu.TestBLEUFringeCases" name="test_empty_references" time="0.000"></testcase><testcase classname="nltk.test.unit.translate.test_bleu.TestBLEUFringeCases" name="test_empty_references_and_hypothesis" time="0.000"></testcase><testcase classname="nltk.test.unit.translate.test_ibm1.TestIBMModel1" name="test_prob_t_a_given_s" time="0.000"></testcase><testcase classname="nltk.test.unit.translate.test_ibm1.TestIBMModel1" name="test_set_uniform_translation_probabilities" time="0.000"></testcase><testcase classname="nltk.test.unit.translate.test_ibm1.TestIBMModel1" name="test_set_uniform_translation_probabilities_of_non_domain_values" time="0.000"></testcase><testcase classname="nltk.test.unit.translate.test_ibm2.TestIBMModel2" name="test_prob_t_a_given_s" time="0.001"></testcase><testcase classname="nltk.test.unit.translate.test_ibm2.TestIBMModel2" name="test_set_uniform_alignment_probabilities" time="0.000"></testcase><testcase classname="nltk.test.unit.translate.test_ibm2.TestIBMModel2" name="test_set_uniform_alignment_probabilities_of_non_domain_values" time="0.000"></testcase><testcase classname="nltk.test.unit.translate.test_ibm3.TestIBMModel3" name="test_prob_t_a_given_s" time="0.000"></testcase><testcase classname="nltk.test.unit.translate.test_ibm3.TestIBMModel3" name="test_set_uniform_distortion_probabilities" time="0.001"></testcase><testcase classname="nltk.test.unit.translate.test_ibm3.TestIBMModel3" name="test_set_uniform_distortion_probabilities_of_non_domain_values" time="0.002"></testcase><testcase classname="nltk.test.unit.translate.test_ibm4.TestIBMModel4" name="test_prob_t_a_given_s" time="0.001"></testcase><testcase classname="nltk.test.unit.translate.test_ibm4.TestIBMModel4" name="test_set_uniform_distortion_probabilities_of_max_displacements" time="0.003"></testcase><testcase classname="nltk.test.unit.translate.test_ibm4.TestIBMModel4" name="test_set_uniform_distortion_probabilities_of_non_domain_values" time="0.002"></testcase><testcase classname="nltk.test.unit.translate.test_ibm5.TestIBMModel5" name="test_prob_t_a_given_s" time="0.001"></testcase><testcase classname="nltk.test.unit.translate.test_ibm5.TestIBMModel5" name="test_prune" time="0.000"></testcase><testcase classname="nltk.test.unit.translate.test_ibm5.TestIBMModel5" name="test_set_uniform_vacancy_probabilities_of_max_displacements" time="0.001"></testcase><testcase classname="nltk.test.unit.translate.test_ibm5.TestIBMModel5" name="test_set_uniform_vacancy_probabilities_of_non_domain_values" time="0.001"></testcase><testcase classname="nltk.test.unit.translate.test_ibm_model.TestIBMModel" name="test_best_model2_alignment" time="0.000"></testcase><testcase classname="nltk.test.unit.translate.test_ibm_model.TestIBMModel" name="test_best_model2_alignment_does_not_change_pegged_alignment" time="0.000"></testcase><testcase classname="nltk.test.unit.translate.test_ibm_model.TestIBMModel" name="test_best_model2_alignment_handles_empty_src_sentence" time="0.000"></testcase><testcase classname="nltk.test.unit.translate.test_ibm_model.TestIBMModel" name="test_best_model2_alignment_handles_empty_trg_sentence" time="0.000"></testcase><testcase classname="nltk.test.unit.translate.test_ibm_model.TestIBMModel" name="test_best_model2_alignment_handles_fertile_words" time="0.000"></testcase><testcase classname="nltk.test.unit.translate.test_ibm_model.TestIBMModel" name="test_hillclimb" time="0.000"></testcase><testcase classname="nltk.test.unit.translate.test_ibm_model.TestIBMModel" name="test_neighboring_finds_neighbor_alignments" time="0.001"></testcase><testcase classname="nltk.test.unit.translate.test_ibm_model.TestIBMModel" name="test_neighboring_returns_neighbors_with_pegged_alignment" time="0.000"></testcase><testcase classname="nltk.test.unit.translate.test_ibm_model.TestIBMModel" name="test_neighboring_sets_neighbor_alignment_info" time="0.001"></testcase><testcase classname="nltk.test.unit.translate.test_ibm_model.TestIBMModel" name="test_sample" time="0.039"></testcase><testcase classname="nltk.test.unit.translate.test_ibm_model.TestIBMModel" name="test_vocabularies_are_initialized" time="0.000"></testcase><testcase classname="nltk.test.unit.translate.test_ibm_model.TestIBMModel" name="test_vocabularies_are_initialized_even_with_empty_corpora" time="0.000"></testcase><testcase classname="nltk.test.unit.translate.test_stack_decoder.TestHypothesis" name="test_total_translated_words" time="0.000"></testcase><testcase classname="nltk.test.unit.translate.test_stack_decoder.TestHypothesis" name="test_translated_positions" time="0.000"></testcase><testcase classname="nltk.test.unit.translate.test_stack_decoder.TestHypothesis" name="test_translation_so_far" time="0.000"></testcase><testcase classname="nltk.test.unit.translate.test_stack_decoder.TestHypothesis" name="test_translation_so_far_for_empty_hypothesis" time="0.000"></testcase><testcase classname="nltk.test.unit.translate.test_stack_decoder.TestHypothesis" name="test_untranslated_spans" time="0.000"></testcase><testcase classname="nltk.test.unit.translate.test_stack_decoder.TestHypothesis" name="test_untranslated_spans_for_empty_hypothesis" time="0.000"></testcase><testcase classname="nltk.test.unit.translate.test_stack_decoder.TestStack" name="test_best_returns_none_when_stack_is_empty" time="0.000"></testcase><testcase classname="nltk.test.unit.translate.test_stack_decoder.TestStack" name="test_best_returns_the_best_hypothesis" time="0.000"></testcase><testcase classname="nltk.test.unit.translate.test_stack_decoder.TestStack" name="test_push_bumps_off_worst_hypothesis_when_stack_is_full" time="0.000"></testcase><testcase classname="nltk.test.unit.translate.test_stack_decoder.TestStack" name="test_push_does_not_add_hypothesis_that_falls_below_beam_threshold" time="0.000"></testcase><testcase classname="nltk.test.unit.translate.test_stack_decoder.TestStack" name="test_push_removes_hypotheses_that_fall_below_beam_threshold" time="0.000"></testcase><testcase classname="nltk.test.unit.translate.test_stack_decoder.TestStackDecoder" name="test_compute_future_costs" time="0.000"></testcase><testcase classname="nltk.test.unit.translate.test_stack_decoder.TestStackDecoder" name="test_compute_future_costs_for_phrases_not_in_phrase_table" time="0.000"></testcase><testcase classname="nltk.test.unit.translate.test_stack_decoder.TestStackDecoder" name="test_distortion_score" time="0.000"></testcase><testcase classname="nltk.test.unit.translate.test_stack_decoder.TestStackDecoder" name="test_distortion_score_of_first_expansion" time="0.000"></testcase><testcase classname="nltk.test.unit.translate.test_stack_decoder.TestStackDecoder" name="test_find_all_src_phrases" time="0.000"></testcase><testcase classname="nltk.test.unit.translate.test_stack_decoder.TestStackDecoder" name="test_future_score" time="0.000"></testcase><testcase classname="nltk.test.unit.translate.test_stack_decoder.TestStackDecoder" name="test_valid_phrases" time="0.000"></testcase><testcase classname="nltk.test.unit.test_2x_compat.TestFraction" name="test_unnoramlize_fraction" time="0.000"></testcase><testcase classname="nltk.test.unit.test_2x_compat.TestTextTransliteration" name="test_repr" time="0.000"></testcase><testcase classname="nltk.test.unit.test_2x_compat.TestTextTransliteration" name="test_str" time="0.014"></testcase><testcase classname="nltk.test.unit.test_classify" name="test_megam" time="0.323"><skipped type="unittest.case.SkipTest" message="&#10;&#10;===========================================================================&#10;NLTK was unable to find the megam file!&#10;Use software specific configuration paramaters or set the MEGAM environment variable.&#10;&#10;  For more information on megam, see:&#10;    &lt;http://www.umiacs.umd.edu/~hal/megam/index.html&gt;&#10;==========================================================================="><![CDATA[SkipTest: 

===========================================================================
NLTK was unable to find the megam file!
Use software specific configuration paramaters or set the MEGAM environment variable.

  For more information on megam, see:
    <http://www.umiacs.umd.edu/~hal/megam/index.html>
===========================================================================
]]></skipped></testcase><testcase classname="nltk.test.unit.test_classify" name="test_tadm" time="0.090"><skipped type="unittest.case.SkipTest" message="&#10;&#10;===========================================================================&#10;NLTK was unable to find the tadm file!&#10;Use software specific configuration paramaters or set the TADM environment variable.&#10;&#10;  For more information on tadm, see:&#10;    &lt;http://tadm.sf.net&gt;&#10;==========================================================================="><![CDATA[SkipTest: 

===========================================================================
NLTK was unable to find the tadm file!
Use software specific configuration paramaters or set the TADM environment variable.

  For more information on tadm, see:
    <http://tadm.sf.net>
===========================================================================
]]></skipped></testcase><testcase classname="nltk.test.unit.test_collocations.TestBigram" name="test_bigram2" time="0.001"></testcase><testcase classname="nltk.test.unit.test_collocations.TestBigram" name="test_bigram3" time="0.000"></testcase><testcase classname="nltk.test.unit.test_collocations.TestBigram" name="test_bigram5" time="0.000"></testcase><testcase classname="nltk.test.unit.test_corpora.TestCess" name="test_catalan" time="0.296"></testcase><testcase classname="nltk.test.unit.test_corpora.TestCess" name="test_esp" time="0.160"></testcase><testcase classname="nltk.test.unit.test_corpora.TestCoNLL2007" name="test_parsed_sents" time="5.386"></testcase><testcase classname="nltk.test.unit.test_corpora.TestCoNLL2007" name="test_sents" time="0.026"></testcase><testcase classname="nltk.test.unit.test_corpora.TestFloresta" name="test_words" time="0.022"></testcase><testcase classname="nltk.test.unit.test_corpora.TestIndian" name="test_tagged_words" time="0.029"></testcase><testcase classname="nltk.test.unit.test_corpora.TestIndian" name="test_words" time="0.001"></testcase><testcase classname="nltk.test.unit.test_corpora.TestPTB" name="test_categories" time="0.000"><skipped type="unittest.case.SkipTest" message="A full installation of the Penn Treebank is not available"><![CDATA[SkipTest: A full installation of the Penn Treebank is not available
]]></skipped></testcase><testcase classname="nltk.test.unit.test_corpora.TestPTB" name="test_category_words" time="0.000"><skipped type="unittest.case.SkipTest" message="A full installation of the Penn Treebank is not available"><![CDATA[SkipTest: A full installation of the Penn Treebank is not available
]]></skipped></testcase><testcase classname="nltk.test.unit.test_corpora.TestPTB" name="test_fileids" time="0.000"><skipped type="unittest.case.SkipTest" message="A full installation of the Penn Treebank is not available"><![CDATA[SkipTest: A full installation of the Penn Treebank is not available
]]></skipped></testcase><testcase classname="nltk.test.unit.test_corpora.TestPTB" name="test_news_fileids" time="0.000"><skipped type="unittest.case.SkipTest" message="A full installation of the Penn Treebank is not available"><![CDATA[SkipTest: A full installation of the Penn Treebank is not available
]]></skipped></testcase><testcase classname="nltk.test.unit.test_corpora.TestPTB" name="test_tagged_words" time="0.000"><skipped type="unittest.case.SkipTest" message="A full installation of the Penn Treebank is not available"><![CDATA[SkipTest: A full installation of the Penn Treebank is not available
]]></skipped></testcase><testcase classname="nltk.test.unit.test_corpora.TestPTB" name="test_words" time="0.000"><skipped type="unittest.case.SkipTest" message="A full installation of the Penn Treebank is not available"><![CDATA[SkipTest: A full installation of the Penn Treebank is not available
]]></skipped></testcase><testcase classname="nltk.test.unit.test_corpora.TestSinicaTreebank" name="test_parsed_sents" time="0.036"></testcase><testcase classname="nltk.test.unit.test_corpora.TestSinicaTreebank" name="test_sents" time="0.001"></testcase><testcase classname="nltk.test.unit.test_corpora.TestUdhr" name="test_raw_unicode" time="1.330"></testcase><testcase classname="nltk.test.unit.test_corpora.TestUdhr" name="test_words" time="3.757"></testcase><testcase classname="nltk.test.unit.test_corpus_views.TestCorpusViews" name="test_correct_length" time="0.145"></testcase><testcase classname="nltk.test.unit.test_corpus_views.TestCorpusViews" name="test_correct_values" time="0.027"></testcase><testcase classname="nltk.test.unit.test_hmm" name="test_forward_probability" time="0.020"></testcase><testcase classname="nltk.test.unit.test_hmm" name="test_forward_probability2" time="0.001"></testcase><testcase classname="nltk.test.unit.test_hmm" name="test_backward_probability" time="0.001"></testcase><testcase classname="nltk.test.unit.test_json2csv_corpus.TestJSON2CSV" name="test_file_is_wrong" time="0.160"></testcase><testcase classname="nltk.test.unit.test_json2csv_corpus.TestJSON2CSV" name="test_retweet_original_tweet" time="0.027"></testcase><testcase classname="nltk.test.unit.test_json2csv_corpus.TestJSON2CSV" name="test_textoutput" time="0.044"></testcase><testcase classname="nltk.test.unit.test_json2csv_corpus.TestJSON2CSV" name="test_tweet_hashtag" time="0.066"></testcase><testcase classname="nltk.test.unit.test_json2csv_corpus.TestJSON2CSV" name="test_tweet_media" time="0.088"></testcase><testcase classname="nltk.test.unit.test_json2csv_corpus.TestJSON2CSV" name="test_tweet_metadata" time="0.031"></testcase><testcase classname="nltk.test.unit.test_json2csv_corpus.TestJSON2CSV" name="test_tweet_place" time="0.031"></testcase><testcase classname="nltk.test.unit.test_json2csv_corpus.TestJSON2CSV" name="test_tweet_place_boundingbox" time="0.044"></testcase><testcase classname="nltk.test.unit.test_json2csv_corpus.TestJSON2CSV" name="test_tweet_url" time="0.023"></testcase><testcase classname="nltk.test.unit.test_json2csv_corpus.TestJSON2CSV" name="test_tweet_usermention" time="0.032"></testcase><testcase classname="nltk.test.unit.test_json2csv_corpus.TestJSON2CSV" name="test_user_metadata" time="0.033"></testcase><testcase classname="nltk.test.unit.test_json2csv_corpus.TestJSON2CSV" name="test_userurl" time="0.035"></testcase><testcase classname="nltk.test.unit.test_naivebayes.NaiveBayesClassifierTest" name="test_simple" time="0.001"></testcase><testcase classname="nltk.test.unit.test_seekable_unicode_stream_reader" name="test_reader(u'\n    This is a test file.\n    It is fairly short.\n    ', u'ascii')" time="0.148"></testcase><testcase classname="nltk.test.unit.test_seekable_unicode_stream_reader" name="test_reader(u'\n    This is a test file.\n    It is fairly short.\n    ', u'latin1')" time="0.146"></testcase><testcase classname="nltk.test.unit.test_seekable_unicode_stream_reader" name="test_reader(u'\n    This is a test file.\n    It is fairly short.\n    ', u'greek')" time="0.146"></testcase><testcase classname="nltk.test.unit.test_seekable_unicode_stream_reader" name="test_reader(u'\n    This is a test file.\n    It is fairly short.\n    ', u'hebrew')" time="0.157"></testcase><testcase classname="nltk.test.unit.test_seekable_unicode_stream_reader" name="test_reader(u'\n    This is a test file.\n    It is fairly short.\n    ', u'utf-16')" time="0.177"></testcase><testcase classname="nltk.test.unit.test_seekable_unicode_stream_reader" name="test_reader(u'\n    This is a test file.\n    It is fairly short.\n    ', u'utf-8')" time="0.156"></testcase><testcase classname="nltk.test.unit.test_seekable_unicode_stream_reader" name="test_reader(u'This file can be encoded with latin1. \x83', u'latin1')" time="0.121"></testcase><testcase classname="nltk.test.unit.test_seekable_unicode_stream_reader" name="test_reader(u'This file can be encoded with latin1. \x83', u'greek')" time="0.147"></testcase><testcase classname="nltk.test.unit.test_seekable_unicode_stream_reader" name="test_reader(u'This file can be encoded with latin1. \x83', u'hebrew')" time="0.138"></testcase><testcase classname="nltk.test.unit.test_seekable_unicode_stream_reader" name="test_reader(u'This file can be encoded with latin1. \x83', u'utf-16')" time="0.161"></testcase><testcase classname="nltk.test.unit.test_seekable_unicode_stream_reader" name="test_reader(u'This file can be encoded with latin1. \x83', u'utf-8')" time="0.153"></testcase><testcase classname="nltk.test.unit.test_seekable_unicode_stream_reader" name="test_reader(u&quot;    This is a test file.\n    Here's a blank line:\n\n    And here's some unicode: \xee \u0123 \uffe3\n    &quot;, u'utf-16')" time="0.191"></testcase><testcase classname="nltk.test.unit.test_seekable_unicode_stream_reader" name="test_reader(u&quot;    This is a test file.\n    Here's a blank line:\n\n    And here's some unicode: \xee \u0123 \uffe3\n    &quot;, u'utf-8')" time="0.183"></testcase><testcase classname="nltk.test.unit.test_seekable_unicode_stream_reader" name="test_reader(u'    This is a test file.\n    Unicode characters: \xf3 \u2222 \u3333\u4444 \u5555\n    ', u'utf-16')" time="0.182"></testcase><testcase classname="nltk.test.unit.test_seekable_unicode_stream_reader" name="test_reader(u'    This is a test file.\n    Unicode characters: \xf3 \u2222 \u3333\u4444 \u5555\n    ', u'utf-8')" time="0.173"></testcase><testcase classname="nltk.test.unit.test_seekable_unicode_stream_reader" name="test_reader_on_large_string(u'utf-16',)" time="6.039"></testcase><testcase classname="nltk.test.unit.test_seekable_unicode_stream_reader" name="test_reader_on_large_string(u'utf-8',)" time="5.974"></testcase><testcase classname="nltk.test.unit.test_stem.PorterTest" name="test_vocabulary_martin_mode" time="3.421"></testcase><testcase classname="nltk.test.unit.test_stem.PorterTest" name="test_vocabulary_nltk_mode" time="3.353"></testcase><testcase classname="nltk.test.unit.test_stem.PorterTest" name="test_vocabulary_original_mode" time="3.268"></testcase><testcase classname="nltk.test.unit.test_stem.SnowballTest" name="test_german" time="0.031"></testcase><testcase classname="nltk.test.unit.test_stem.SnowballTest" name="test_russian" time="0.001"></testcase><testcase classname="nltk.test.unit.test_stem.SnowballTest" name="test_short_strings_bug" time="0.000"></testcase><testcase classname="nltk.test.unit.test_stem.SnowballTest" name="test_spanish" time="0.000"></testcase><testcase classname="nltk.test.unit.test_tag" name="test_basic" time="0.636"></testcase><testcase classname="nltk.test.unit.test_tgrep.TestSequenceFunctions" name="test_bad_operator" time="0.016"></testcase><testcase classname="nltk.test.unit.test_tgrep.TestSequenceFunctions" name="test_comments" time="0.038"></testcase><testcase classname="nltk.test.unit.test_tgrep.TestSequenceFunctions" name="test_examples" time="0.201"></testcase><testcase classname="nltk.test.unit.test_tgrep.TestSequenceFunctions" name="test_labeled_nodes" time="0.457"></testcase><testcase classname="nltk.test.unit.test_tgrep.TestSequenceFunctions" name="test_multiple_conjs" time="0.053"></testcase><testcase classname="nltk.test.unit.test_tgrep.TestSequenceFunctions" name="test_node_encoding" time="0.081"></testcase><testcase classname="nltk.test.unit.test_tgrep.TestSequenceFunctions" name="test_node_nocase" time="0.030"></testcase><testcase classname="nltk.test.unit.test_tgrep.TestSequenceFunctions" name="test_node_noleaves" time="0.033"></testcase><testcase classname="nltk.test.unit.test_tgrep.TestSequenceFunctions" name="test_node_printing" time="0.063"></testcase><testcase classname="nltk.test.unit.test_tgrep.TestSequenceFunctions" name="test_node_quoted" time="0.062"></testcase><testcase classname="nltk.test.unit.test_tgrep.TestSequenceFunctions" name="test_node_regex" time="0.021"></testcase><testcase classname="nltk.test.unit.test_tgrep.TestSequenceFunctions" name="test_node_regex_2" time="0.042"></testcase><testcase classname="nltk.test.unit.test_tgrep.TestSequenceFunctions" name="test_node_simple" time="0.035"></testcase><testcase classname="nltk.test.unit.test_tgrep.TestSequenceFunctions" name="test_node_tree_position" time="0.064"></testcase><testcase classname="nltk.test.unit.test_tgrep.TestSequenceFunctions" name="test_rel_precedence" time="0.172"></testcase><testcase classname="nltk.test.unit.test_tgrep.TestSequenceFunctions" name="test_rel_sister_nodes" time="0.084"></testcase><testcase classname="nltk.test.unit.test_tgrep.TestSequenceFunctions" name="test_tokenize_encoding" time="0.086"></testcase><testcase classname="nltk.test.unit.test_tgrep.TestSequenceFunctions" name="test_tokenize_examples" time="0.240"></testcase><testcase classname="nltk.test.unit.test_tgrep.TestSequenceFunctions" name="test_tokenize_link_types" time="1.014"></testcase><testcase classname="nltk.test.unit.test_tgrep.TestSequenceFunctions" name="test_tokenize_macros" time="0.041"></testcase><testcase classname="nltk.test.unit.test_tgrep.TestSequenceFunctions" name="test_tokenize_node_labels" time="0.053"></testcase><testcase classname="nltk.test.unit.test_tgrep.TestSequenceFunctions" name="test_tokenize_nodenames" time="0.099"></testcase><testcase classname="nltk.test.unit.test_tgrep.TestSequenceFunctions" name="test_tokenize_quoting" time="0.020"></testcase><testcase classname="nltk.test.unit.test_tgrep.TestSequenceFunctions" name="test_tokenize_segmented_patterns" time="0.031"></testcase><testcase classname="nltk.test.unit.test_tgrep.TestSequenceFunctions" name="test_tokenize_simple" time="0.047"></testcase><testcase classname="nltk.test.unit.test_tgrep.TestSequenceFunctions" name="test_trailing_semicolon" time="0.044"></testcase><testcase classname="nltk.test.unit.test_tgrep.TestSequenceFunctions" name="test_use_macros" time="0.066"></testcase><testcase classname="nltk.test.unit.test_tgrep.TestSequenceFunctions" name="tests_rel_dominance" time="0.476"></testcase><testcase classname="nltk.test.unit.test_tgrep.TestSequenceFunctions" name="tests_rel_indexed_children" time="0.272"></testcase><testcase classname="nltk.test.unit.test_tokenize.TestTokenize" name="test_tweet_tokenizer" time="0.001"></testcase><testcase classname="nltk.test.unit.test_twitter_auth.TestCredentials" name="test_correct_file1" time="0.015"></testcase><testcase classname="nltk.test.unit.test_twitter_auth.TestCredentials" name="test_correct_file2" time="0.000"></testcase><testcase classname="nltk.test.unit.test_twitter_auth.TestCredentials" name="test_correct_path" time="0.000"></testcase><testcase classname="nltk.test.unit.test_twitter_auth.TestCredentials" name="test_empty_subdir1" time="0.000"></testcase><testcase classname="nltk.test.unit.test_twitter_auth.TestCredentials" name="test_empty_subdir2" time="0.000"></testcase><testcase classname="nltk.test.unit.test_twitter_auth.TestCredentials" name="test_environment" time="0.000"></testcase><testcase classname="nltk.test.unit.test_twitter_auth.TestCredentials" name="test_incomplete_file" time="0.009"></testcase><testcase classname="nltk.test.unit.test_twitter_auth.TestCredentials" name="test_malformed_file1" time="0.001"></testcase><testcase classname="nltk.test.unit.test_twitter_auth.TestCredentials" name="test_malformed_file2" time="0.001"></testcase><testcase classname="nltk.test.unit.test_twitter_auth.TestCredentials" name="test_missingdir" time="0.008"></testcase><testcase classname="nltk.test.unit.test_twitter_auth.TestCredentials" name="test_missingfile1" time="0.000"></testcase><testcase classname="nltk.test.unit.test_twitter_auth.TestCredentials" name="test_missingfile2" time="0.000"></testcase><testcase classname="util_doctest" name="util_doctest" time="0.007"></testcase><testcase classname="wordnet_doctest" name="wordnet_doctest" time="150.208"></testcase><testcase classname="wordnet_lch_doctest" name="wordnet_lch_doctest" time="9.254"></testcase><testcase classname="wsd_doctest" name="wsd_doctest" time="0.022"></testcase></testsuite>